<?xml version="1.0" encoding="UTF-8"?>
<!-- Generated by org.testng.reporters.JUnitXMLReporter -->
<testsuite hostname="DESKTOP-388OVEA" ignored="0" name="Default test" tests="1" failures="1" timestamp="14 Aug 2020 02:25:46 GMT" time="6.331" errors="0">
  <testcase name="runScenario" time="6.025" classname="cucumber.api.testng.AbstractTestNGCucumberTests">
    <failure type="java.lang.NoClassDefFoundError" message="com/aventstack/extentreports/model/service/TestService">
      <![CDATA[java.lang.NoClassDefFoundError: com/aventstack/extentreports/model/service/TestService
at com.aventstack.extentreports.cucumber.adapter.ExtentCucumberAdapter.updateResult(ExtentCucumberAdapter.java:207)
at com.aventstack.extentreports.cucumber.adapter.ExtentCucumberAdapter.handleTestStepFinished(ExtentCucumberAdapter.java:181)
at com.aventstack.extentreports.cucumber.adapter.ExtentCucumberAdapter.access$3(ExtentCucumberAdapter.java:180)
at com.aventstack.extentreports.cucumber.adapter.ExtentCucumberAdapter$5.receive(ExtentCucumberAdapter.java:109)
at com.aventstack.extentreports.cucumber.adapter.ExtentCucumberAdapter$5.receive(ExtentCucumberAdapter.java:1)
at cucumber.runner.AbstractEventPublisher.send(AbstractEventPublisher.java:45)
at cucumber.runner.AbstractEventBus.send(AbstractEventBus.java:9)
at cucumber.runner.TimeServiceEventBus.send(TimeServiceEventBus.java:3)
at cucumber.runner.ThreadLocalRunnerSupplier$SynchronizedEventBus.send(ThreadLocalRunnerSupplier.java:88)
at cucumber.runner.ThreadLocalRunnerSupplier$LocalEventBus.send(ThreadLocalRunnerSupplier.java:61)
at cucumber.runner.TestStep.run(TestStep.java:57)
at cucumber.runner.PickleStepTestStep.run(PickleStepTestStep.java:43)
at cucumber.runner.TestCase.run(TestCase.java:45)
at cucumber.runner.Runner.runPickle(Runner.java:40)
at cucumber.api.testng.TestNGCucumberRunner.runScenario(TestNGCucumberRunner.java:65)
at cucumber.api.testng.AbstractTestNGCucumberTests.runScenario(AbstractTestNGCucumberTests.java:22)
at sun.reflect.NativeMethodAccessorImpl.invoke0(Native Method)
at sun.reflect.NativeMethodAccessorImpl.invoke(Unknown Source)
at sun.reflect.DelegatingMethodAccessorImpl.invoke(Unknown Source)
at java.lang.reflect.Method.invoke(Unknown Source)
at org.testng.internal.MethodInvocationHelper.invokeMethod(MethodInvocationHelper.java:124)
at org.testng.internal.Invoker.invokeMethod(Invoker.java:583)
at org.testng.internal.Invoker.invokeTestMethod(Invoker.java:719)
at org.testng.internal.Invoker.invokeTestMethods(Invoker.java:989)
at org.testng.internal.TestMethodWorker.invokeTestMethods(TestMethodWorker.java:125)
at org.testng.internal.TestMethodWorker.run(TestMethodWorker.java:109)
at org.testng.TestRunner.privateRun(TestRunner.java:648)
at org.testng.TestRunner.run(TestRunner.java:505)
at org.testng.SuiteRunner.runTest(SuiteRunner.java:455)
at org.testng.SuiteRunner.runSequentially(SuiteRunner.java:450)
at org.testng.SuiteRunner.privateRun(SuiteRunner.java:415)
at org.testng.SuiteRunner.run(SuiteRunner.java:364)
at org.testng.SuiteRunnerWorker.runSuite(SuiteRunnerWorker.java:52)
at org.testng.SuiteRunnerWorker.run(SuiteRunnerWorker.java:84)
at org.testng.TestNG.runSuitesSequentially(TestNG.java:1208)
at org.testng.TestNG.runSuitesLocally(TestNG.java:1137)
at org.testng.TestNG.runSuites(TestNG.java:1049)
at org.testng.TestNG.run(TestNG.java:1017)
at org.testng.remote.AbstractRemoteTestNG.run(AbstractRemoteTestNG.java:115)
at org.testng.remote.RemoteTestNG.initAndRun(RemoteTestNG.java:251)
at org.testng.remote.RemoteTestNG.main(RemoteTestNG.java:77)
Caused by: java.lang.ClassNotFoundException: com.aventstack.extentreports.model.service.TestService
at java.net.URLClassLoader.findClass(Unknown Source)
at java.lang.ClassLoader.loadClass(Unknown Source)
at sun.misc.Launcher$AppClassLoader.loadClass(Unknown Source)
at java.lang.ClassLoader.loadClass(Unknown Source)
... 41 more
]]>
    </failure>
  </testcase> <!-- runScenario -->
</testsuite> <!-- Default test -->
